0 info it worked if it ends with ok
1 verbose cli [ 'C:\\Program Files\\nodejs\\node.exe',
1 verbose cli   'C:\\Users\\wowhy\\AppData\\Roaming\\npm\\node_modules\\npm\\bin\\npm-cli.js',
1 verbose cli   'run',
1 verbose cli   'test' ]
2 info using npm@3.10.3
3 info using node@v6.2.2
4 verbose run-script [ 'pretest', 'test', 'posttest' ]
5 info lifecycle jsbind@1.0.0~pretest: jsbind@1.0.0
6 silly lifecycle jsbind@1.0.0~pretest: no script for pretest, continuing
7 info lifecycle jsbind@1.0.0~test: jsbind@1.0.0
8 verbose lifecycle jsbind@1.0.0~test: unsafe-perm in lifecycle true
9 verbose lifecycle jsbind@1.0.0~test: PATH: C:\Users\wowhy\AppData\Roaming\npm\node_modules\npm\bin\node-gyp-bin;D:\Git\jsbind\node_modules\.bin;C:\Program Files\nodejs;D:\Tools\ConnEmnu\ConEmu\Scripts;D:\Tools\ConnEmnu;D:\Tools\ConnEmnu\ConEmu;C:\ProgramData\Oracle\Java\javapath;C:\WINDOWS\system32;C:\WINDOWS;C:\WINDOWS\System32\Wbem;C:\WINDOWS\System32\WindowsPowerShell\v1.0\;C:\Program Files (x86)\Python2.7\;C:\Program Files (x86)\Python2.7\Scripts;C:\Program Files\Git\cmd;C:\ProgramData\chocolatey\bin;C:\Program Files\nodejs\;C:\Program Files\Java\jdk1.8.0_92\bin;C:\Users\wowhy\AppData\Local\Android\android-sdk\tools;C:\Users\wowhy\AppData\Local\Android\android-sdk\platform-tools;C:\Users\wowhy\AppData\Local\Microsoft\WindowsApps;C:\Program Files (x86)\Microsoft VS Code\bin;C:\Users\wowhy\AppData\Roaming\npm;
10 verbose lifecycle jsbind@1.0.0~test: CWD: D:\Git\jsbind
11 silly lifecycle jsbind@1.0.0~test: Args: [ '/d /s /c',
11 silly lifecycle   'karma start test/unit/karma.conf.js --single-run' ]
12 silly lifecycle jsbind@1.0.0~test: Returned: code: 1  signal: null
13 info lifecycle jsbind@1.0.0~test: Failed to exec test script
14 verbose stack Error: jsbind@1.0.0 test: `karma start test/unit/karma.conf.js --single-run`
14 verbose stack Exit status 1
14 verbose stack     at EventEmitter.<anonymous> (C:\Users\wowhy\AppData\Roaming\npm\node_modules\npm\lib\utils\lifecycle.js:242:16)
14 verbose stack     at emitTwo (events.js:106:13)
14 verbose stack     at EventEmitter.emit (events.js:191:7)
14 verbose stack     at ChildProcess.<anonymous> (C:\Users\wowhy\AppData\Roaming\npm\node_modules\npm\lib\utils\spawn.js:40:14)
14 verbose stack     at emitTwo (events.js:106:13)
14 verbose stack     at ChildProcess.emit (events.js:191:7)
14 verbose stack     at maybeClose (internal/child_process.js:852:16)
14 verbose stack     at Process.ChildProcess._handle.onexit (internal/child_process.js:215:5)
15 verbose pkgid jsbind@1.0.0
16 verbose cwd D:\Git\jsbind
17 error Windows_NT 10.0.14393
18 error argv "C:\\Program Files\\nodejs\\node.exe" "C:\\Users\\wowhy\\AppData\\Roaming\\npm\\node_modules\\npm\\bin\\npm-cli.js" "run" "test"
19 error node v6.2.2
20 error npm  v3.10.3
21 error code ELIFECYCLE
22 error jsbind@1.0.0 test: `karma start test/unit/karma.conf.js --single-run`
22 error Exit status 1
23 error Failed at the jsbind@1.0.0 test script 'karma start test/unit/karma.conf.js --single-run'.
23 error Make sure you have the latest version of node.js and npm installed.
23 error If you do, this is most likely a problem with the jsbind package,
23 error not with npm itself.
23 error Tell the author that this fails on your system:
23 error     karma start test/unit/karma.conf.js --single-run
23 error You can get information on how to open an issue for this project with:
23 error     npm bugs jsbind
23 error Or if that isn't available, you can get their info via:
23 error     npm owner ls jsbind
23 error There is likely additional logging output above.
24 verbose exit [ 1, true ]
